<?xml version="1.0" encoding="UTF-8"?>
<!-- Generated by org.testng.reporters.JUnitReportReporter -->
<testsuite hostname="DESKTOP-QR11LD8" failures="0" tests="3" name="TestNGMethods.FacebookTesting" time="36.198" errors="0" timestamp="2023-06-15T08:52:34 IST" skipped="0">
  <testcase classname="TestNGMethods.FacebookTesting" name="aloginPage" time="14.583"/>
  <testcase classname="TestNGMethods.FacebookTesting" name="loginPageTest2" time="14.886"/>
  <testcase classname="TestNGMethods.FacebookTesting" name="loinPageWithInvalidInputs" time="6.729"/>
</testsuite> <!-- TestNGMethods.FacebookTesting -->
