<?xml version="1.0" encoding="UTF-8"?>
<!-- Generated by org.testng.reporters.JUnitReportReporter -->
<testsuite hostname="DESKTOP-QR11LD8" failures="0" tests="2" name="TestData.ReadXlsUsingDataProvider" time="32.771" errors="0" timestamp="2023-06-28T09:17:41 IST" skipped="0">
  <testcase classname="TestData.ReadXlsUsingDataProvider" name="aloginPage" time="17.467"/>
  <testcase classname="TestData.ReadXlsUsingDataProvider" name="aloginPage" time="15.304"/>
</testsuite> <!-- TestData.ReadXlsUsingDataProvider -->
