<?xml version="1.0" encoding="UTF-8"?>
<!-- Generated by org.testng.reporters.JUnitReportReporter -->
<testsuite hostname="DESKTOP-QR11LD8" failures="0" tests="3" name="DataProvider.DataProviderTest" time="0.030" errors="0" timestamp="2023-06-21T09:19:32 IST" skipped="0">
  <testcase classname="DataProvider.DataProviderTest" name="myTest" time="0.003"/>
  <testcase classname="DataProvider.DataProviderTest" name="myTest" time="0.019"/>
  <testcase classname="DataProvider.DataProviderTest" name="myTest" time="0.008"/>
</testsuite> <!-- DataProvider.DataProviderTest -->
