<?xml version="1.0" encoding="UTF-8"?>
<!-- Generated by org.testng.reporters.JUnitReportReporter -->
<testsuite hostname="DESKTOP-QR11LD8" failures="0" tests="4" name="TestNGMethods.DependOnGroups" time="0.041" errors="0" timestamp="2023-06-21T09:03:16 IST" skipped="0">
  <testcase classname="TestNGMethods.DependOnGroups" name="method4" time="0.003"/>
  <testcase classname="TestNGMethods.DependOnGroups" name="method1" time="0.011"/>
  <testcase classname="TestNGMethods.DependOnGroups" name="method3" time="0.004"/>
  <testcase classname="TestNGMethods.DependOnGroups" name="method2" time="0.023"/>
</testsuite> <!-- TestNGMethods.DependOnGroups -->
