<?xml version="1.0" encoding="UTF-8"?>
<!-- Generated by org.testng.reporters.JUnitReportReporter -->
<testsuite hostname="DESKTOP-QR11LD8" failures="0" tests="4" name="TestNGMethods.DependOnMethods" time="0.039" errors="0" timestamp="2023-06-15T09:13:48 IST" skipped="0">
  <testcase classname="TestNGMethods.DependOnMethods" name="method2" time="0.007"/>
  <testcase classname="TestNGMethods.DependOnMethods" name="method1" time="0.021"/>
  <testcase classname="TestNGMethods.DependOnMethods" name="method3" time="0.004"/>
  <testcase classname="TestNGMethods.DependOnMethods" name="method4" time="0.007"/>
</testsuite> <!-- TestNGMethods.DependOnMethods -->
